<?xml version="1.0" encoding="UTF-8"?>
<testsuite xmlns:xsi="http://www.w3.org/2001/XMLSchema-instance" xsi:noNamespaceSchemaLocation="https://maven.apache.org/surefire/maven-surefire-plugin/xsd/surefire-test-report.xsd" name="com.uol.pagseguro.volozhin.TestParallel" time="4.763" tests="1" errors="0" skipped="0" failures="0">
  <properties>
    <property name="sun.desktop" value="gnome"/>
    <property name="awt.toolkit" value="sun.awt.X11.XToolkit"/>
    <property name="file.encoding.pkg" value="sun.io"/>
    <property name="java.specification.version" value="1.8"/>
    <property name="sun.cpu.isalist" value=""/>
    <property name="sun.jnu.encoding" value="UTF-8"/>
    <property name="java.class.path" value="/home/pmlima/Documents/PagSeguro/Volozhin-Automatizados/Testes-Volozhin/target/test-classes:/home/pmlima/Documents/PagSeguro/Volozhin-Automatizados/Testes-Volozhin/target/classes:/home/pmlima/.m2/repository/com/intuit/karate/karate-core/0.9.1/karate-core-0.9.1.jar:/home/pmlima/.m2/repository/com/jayway/jsonpath/json-path/2.1.0/json-path-2.1.0.jar:/home/pmlima/.m2/repository/net/minidev/json-smart/2.2/json-smart-2.2.jar:/home/pmlima/.m2/repository/net/minidev/accessors-smart/1.1/accessors-smart-1.1.jar:/home/pmlima/.m2/repository/org/ow2/asm/asm/5.0.3/asm-5.0.3.jar:/home/pmlima/.m2/repository/info/cukes/cucumber-java/1.2.5/cucumber-java-1.2.5.jar:/home/pmlima/.m2/repository/info/cukes/cucumber-core/1.2.5/cucumber-core-1.2.5.jar:/home/pmlima/.m2/repository/org/yaml/snakeyaml/1.18/snakeyaml-1.18.jar:/home/pmlima/.m2/repository/de/siegmar/fastcsv/1.0.3/fastcsv-1.0.3.jar:/home/pmlima/.m2/repository/info/picocli/picocli/3.0.1/picocli-3.0.1.jar:/home/pmlima/.m2/repository/org/junit/jupiter/junit-jupiter-api/5.3.1/junit-jupiter-api-5.3.1.jar:/home/pmlima/.m2/repository/org/apiguardian/apiguardian-api/1.0.0/apiguardian-api-1.0.0.jar:/home/pmlima/.m2/repository/org/opentest4j/opentest4j/1.1.1/opentest4j-1.1.1.jar:/home/pmlima/.m2/repository/org/junit/platform/junit-platform-commons/1.3.1/junit-platform-commons-1.3.1.jar:/home/pmlima/.m2/repository/org/junit/jupiter/junit-jupiter-engine/5.3.1/junit-jupiter-engine-5.3.1.jar:/home/pmlima/.m2/repository/org/junit/platform/junit-platform-engine/1.3.1/junit-platform-engine-1.3.1.jar:/home/pmlima/.m2/repository/com/intuit/karate/karate-apache/0.9.1/karate-apache-0.9.1.jar:/home/pmlima/.m2/repository/org/apache/httpcomponents/httpclient/4.5.5/httpclient-4.5.5.jar:/home/pmlima/.m2/repository/org/apache/httpcomponents/httpcore/4.4.9/httpcore-4.4.9.jar:/home/pmlima/.m2/repository/commons-codec/commons-codec/1.10/commons-codec-1.10.jar:/home/pmlima/.m2/repository/org/apache/httpcomponents/httpmime/4.5.5/httpmime-4.5.5.jar:/home/pmlima/.m2/repository/org/slf4j/jcl-over-slf4j/1.7.25/jcl-over-slf4j-1.7.25.jar:/home/pmlima/.m2/repository/org/seleniumhq/selenium/selenium-java/3.141.59/selenium-java-3.141.59.jar:/home/pmlima/.m2/repository/org/seleniumhq/selenium/selenium-api/3.141.59/selenium-api-3.141.59.jar:/home/pmlima/.m2/repository/org/seleniumhq/selenium/selenium-chrome-driver/3.141.59/selenium-chrome-driver-3.141.59.jar:/home/pmlima/.m2/repository/org/seleniumhq/selenium/selenium-edge-driver/3.141.59/selenium-edge-driver-3.141.59.jar:/home/pmlima/.m2/repository/org/seleniumhq/selenium/selenium-firefox-driver/3.141.59/selenium-firefox-driver-3.141.59.jar:/home/pmlima/.m2/repository/org/seleniumhq/selenium/selenium-ie-driver/3.141.59/selenium-ie-driver-3.141.59.jar:/home/pmlima/.m2/repository/org/seleniumhq/selenium/selenium-opera-driver/3.141.59/selenium-opera-driver-3.141.59.jar:/home/pmlima/.m2/repository/org/seleniumhq/selenium/selenium-remote-driver/3.141.59/selenium-remote-driver-3.141.59.jar:/home/pmlima/.m2/repository/org/seleniumhq/selenium/selenium-safari-driver/3.141.59/selenium-safari-driver-3.141.59.jar:/home/pmlima/.m2/repository/org/seleniumhq/selenium/selenium-support/3.141.59/selenium-support-3.141.59.jar:/home/pmlima/.m2/repository/net/bytebuddy/byte-buddy/1.8.15/byte-buddy-1.8.15.jar:/home/pmlima/.m2/repository/org/apache/commons/commons-exec/1.3/commons-exec-1.3.jar:/home/pmlima/.m2/repository/com/google/guava/guava/25.0-jre/guava-25.0-jre.jar:/home/pmlima/.m2/repository/com/google/code/findbugs/jsr305/1.3.9/jsr305-1.3.9.jar:/home/pmlima/.m2/repository/org/checkerframework/checker-compat-qual/2.0.0/checker-compat-qual-2.0.0.jar:/home/pmlima/.m2/repository/com/google/errorprone/error_prone_annotations/2.1.3/error_prone_annotations-2.1.3.jar:/home/pmlima/.m2/repository/com/google/j2objc/j2objc-annotations/1.1/j2objc-annotations-1.1.jar:/home/pmlima/.m2/repository/org/codehaus/mojo/animal-sniffer-annotations/1.14/animal-sniffer-annotations-1.14.jar:/home/pmlima/.m2/repository/com/squareup/okhttp3/okhttp/3.11.0/okhttp-3.11.0.jar:/home/pmlima/.m2/repository/com/squareup/okio/okio/1.14.0/okio-1.14.0.jar:/home/pmlima/.m2/repository/net/masterthought/cucumber-reporting/4.5.1/cucumber-reporting-4.5.1.jar:/home/pmlima/.m2/repository/com/fasterxml/jackson/core/jackson-databind/2.9.8/jackson-databind-2.9.8.jar:/home/pmlima/.m2/repository/com/fasterxml/jackson/core/jackson-annotations/2.9.0/jackson-annotations-2.9.0.jar:/home/pmlima/.m2/repository/com/fasterxml/jackson/core/jackson-core/2.9.8/jackson-core-2.9.8.jar:/home/pmlima/.m2/repository/org/apache/velocity/velocity/1.7/velocity-1.7.jar:/home/pmlima/.m2/repository/commons-collections/commons-collections/3.2.1/commons-collections-3.2.1.jar:/home/pmlima/.m2/repository/commons-lang/commons-lang/2.4/commons-lang-2.4.jar:/home/pmlima/.m2/repository/velocity-tools/velocity-tools/1.4/velocity-tools-1.4.jar:/home/pmlima/.m2/repository/joda-time/joda-time/2.10.1/joda-time-2.10.1.jar:/home/pmlima/.m2/repository/org/apache/commons/commons-lang3/3.8.1/commons-lang3-3.8.1.jar:/home/pmlima/.m2/repository/commons-io/commons-io/2.6/commons-io-2.6.jar:/home/pmlima/.m2/repository/org/codehaus/plexus/plexus-utils/3.1.1/plexus-utils-3.1.1.jar:/home/pmlima/.m2/repository/org/jsoup/jsoup/1.11.3/jsoup-1.11.3.jar:/home/pmlima/.m2/repository/com/googlecode/owasp-java-html-sanitizer/owasp-java-html-sanitizer/20181114.1/owasp-java-html-sanitizer-20181114.1.jar:/home/pmlima/.m2/repository/commons-configuration/commons-configuration/1.10/commons-configuration-1.10.jar:/home/pmlima/.m2/repository/commons-logging/commons-logging/1.1.1/commons-logging-1.1.1.jar:/home/pmlima/.m2/repository/ch/qos/logback/logback-classic/1.2.3/logback-classic-1.2.3.jar:/home/pmlima/.m2/repository/ch/qos/logback/logback-core/1.2.3/logback-core-1.2.3.jar:/home/pmlima/.m2/repository/org/slf4j/slf4j-api/1.7.25/slf4j-api-1.7.25.jar:"/>
    <property name="java.vm.vendor" value="Oracle Corporation"/>
    <property name="sun.arch.data.model" value="64"/>
    <property name="java.vendor.url" value="http://java.oracle.com/"/>
    <property name="user.timezone" value=""/>
    <property name="java.vm.specification.version" value="1.8"/>
    <property name="os.name" value="Linux"/>
    <property name="user.country" value="BR"/>
    <property name="sun.java.launcher" value="SUN_STANDARD"/>
    <property name="sun.boot.library.path" value="/usr/lib/jvm/java-8-oracle/jre/lib/amd64"/>
    <property name="sun.java.command" value="/home/pmlima/Documents/PagSeguro/Volozhin-Automatizados/Testes-Volozhin/target/surefire/surefirebooter8254191590446956858.jar /home/pmlima/Documents/PagSeguro/Volozhin-Automatizados/Testes-Volozhin/target/surefire 2019-04-09T14-45-11_485-jvmRun1 surefire4022777342592982392tmp surefire_09086944152705995181tmp"/>
    <property name="surefire.test.class.path" value="/home/pmlima/Documents/PagSeguro/Volozhin-Automatizados/Testes-Volozhin/target/test-classes:/home/pmlima/Documents/PagSeguro/Volozhin-Automatizados/Testes-Volozhin/target/classes:/home/pmlima/.m2/repository/com/intuit/karate/karate-core/0.9.1/karate-core-0.9.1.jar:/home/pmlima/.m2/repository/com/jayway/jsonpath/json-path/2.1.0/json-path-2.1.0.jar:/home/pmlima/.m2/repository/net/minidev/json-smart/2.2/json-smart-2.2.jar:/home/pmlima/.m2/repository/net/minidev/accessors-smart/1.1/accessors-smart-1.1.jar:/home/pmlima/.m2/repository/org/ow2/asm/asm/5.0.3/asm-5.0.3.jar:/home/pmlima/.m2/repository/info/cukes/cucumber-java/1.2.5/cucumber-java-1.2.5.jar:/home/pmlima/.m2/repository/info/cukes/cucumber-core/1.2.5/cucumber-core-1.2.5.jar:/home/pmlima/.m2/repository/org/yaml/snakeyaml/1.18/snakeyaml-1.18.jar:/home/pmlima/.m2/repository/de/siegmar/fastcsv/1.0.3/fastcsv-1.0.3.jar:/home/pmlima/.m2/repository/info/picocli/picocli/3.0.1/picocli-3.0.1.jar:/home/pmlima/.m2/repository/org/junit/jupiter/junit-jupiter-api/5.3.1/junit-jupiter-api-5.3.1.jar:/home/pmlima/.m2/repository/org/apiguardian/apiguardian-api/1.0.0/apiguardian-api-1.0.0.jar:/home/pmlima/.m2/repository/org/opentest4j/opentest4j/1.1.1/opentest4j-1.1.1.jar:/home/pmlima/.m2/repository/org/junit/platform/junit-platform-commons/1.3.1/junit-platform-commons-1.3.1.jar:/home/pmlima/.m2/repository/org/junit/jupiter/junit-jupiter-engine/5.3.1/junit-jupiter-engine-5.3.1.jar:/home/pmlima/.m2/repository/org/junit/platform/junit-platform-engine/1.3.1/junit-platform-engine-1.3.1.jar:/home/pmlima/.m2/repository/com/intuit/karate/karate-apache/0.9.1/karate-apache-0.9.1.jar:/home/pmlima/.m2/repository/org/apache/httpcomponents/httpclient/4.5.5/httpclient-4.5.5.jar:/home/pmlima/.m2/repository/org/apache/httpcomponents/httpcore/4.4.9/httpcore-4.4.9.jar:/home/pmlima/.m2/repository/commons-codec/commons-codec/1.10/commons-codec-1.10.jar:/home/pmlima/.m2/repository/org/apache/httpcomponents/httpmime/4.5.5/httpmime-4.5.5.jar:/home/pmlima/.m2/repository/org/slf4j/jcl-over-slf4j/1.7.25/jcl-over-slf4j-1.7.25.jar:/home/pmlima/.m2/repository/org/seleniumhq/selenium/selenium-java/3.141.59/selenium-java-3.141.59.jar:/home/pmlima/.m2/repository/org/seleniumhq/selenium/selenium-api/3.141.59/selenium-api-3.141.59.jar:/home/pmlima/.m2/repository/org/seleniumhq/selenium/selenium-chrome-driver/3.141.59/selenium-chrome-driver-3.141.59.jar:/home/pmlima/.m2/repository/org/seleniumhq/selenium/selenium-edge-driver/3.141.59/selenium-edge-driver-3.141.59.jar:/home/pmlima/.m2/repository/org/seleniumhq/selenium/selenium-firefox-driver/3.141.59/selenium-firefox-driver-3.141.59.jar:/home/pmlima/.m2/repository/org/seleniumhq/selenium/selenium-ie-driver/3.141.59/selenium-ie-driver-3.141.59.jar:/home/pmlima/.m2/repository/org/seleniumhq/selenium/selenium-opera-driver/3.141.59/selenium-opera-driver-3.141.59.jar:/home/pmlima/.m2/repository/org/seleniumhq/selenium/selenium-remote-driver/3.141.59/selenium-remote-driver-3.141.59.jar:/home/pmlima/.m2/repository/org/seleniumhq/selenium/selenium-safari-driver/3.141.59/selenium-safari-driver-3.141.59.jar:/home/pmlima/.m2/repository/org/seleniumhq/selenium/selenium-support/3.141.59/selenium-support-3.141.59.jar:/home/pmlima/.m2/repository/net/bytebuddy/byte-buddy/1.8.15/byte-buddy-1.8.15.jar:/home/pmlima/.m2/repository/org/apache/commons/commons-exec/1.3/commons-exec-1.3.jar:/home/pmlima/.m2/repository/com/google/guava/guava/25.0-jre/guava-25.0-jre.jar:/home/pmlima/.m2/repository/com/google/code/findbugs/jsr305/1.3.9/jsr305-1.3.9.jar:/home/pmlima/.m2/repository/org/checkerframework/checker-compat-qual/2.0.0/checker-compat-qual-2.0.0.jar:/home/pmlima/.m2/repository/com/google/errorprone/error_prone_annotations/2.1.3/error_prone_annotations-2.1.3.jar:/home/pmlima/.m2/repository/com/google/j2objc/j2objc-annotations/1.1/j2objc-annotations-1.1.jar:/home/pmlima/.m2/repository/org/codehaus/mojo/animal-sniffer-annotations/1.14/animal-sniffer-annotations-1.14.jar:/home/pmlima/.m2/repository/com/squareup/okhttp3/okhttp/3.11.0/okhttp-3.11.0.jar:/home/pmlima/.m2/repository/com/squareup/okio/okio/1.14.0/okio-1.14.0.jar:/home/pmlima/.m2/repository/net/masterthought/cucumber-reporting/4.5.1/cucumber-reporting-4.5.1.jar:/home/pmlima/.m2/repository/com/fasterxml/jackson/core/jackson-databind/2.9.8/jackson-databind-2.9.8.jar:/home/pmlima/.m2/repository/com/fasterxml/jackson/core/jackson-annotations/2.9.0/jackson-annotations-2.9.0.jar:/home/pmlima/.m2/repository/com/fasterxml/jackson/core/jackson-core/2.9.8/jackson-core-2.9.8.jar:/home/pmlima/.m2/repository/org/apache/velocity/velocity/1.7/velocity-1.7.jar:/home/pmlima/.m2/repository/commons-collections/commons-collections/3.2.1/commons-collections-3.2.1.jar:/home/pmlima/.m2/repository/commons-lang/commons-lang/2.4/commons-lang-2.4.jar:/home/pmlima/.m2/repository/velocity-tools/velocity-tools/1.4/velocity-tools-1.4.jar:/home/pmlima/.m2/repository/joda-time/joda-time/2.10.1/joda-time-2.10.1.jar:/home/pmlima/.m2/repository/org/apache/commons/commons-lang3/3.8.1/commons-lang3-3.8.1.jar:/home/pmlima/.m2/repository/commons-io/commons-io/2.6/commons-io-2.6.jar:/home/pmlima/.m2/repository/org/codehaus/plexus/plexus-utils/3.1.1/plexus-utils-3.1.1.jar:/home/pmlima/.m2/repository/org/jsoup/jsoup/1.11.3/jsoup-1.11.3.jar:/home/pmlima/.m2/repository/com/googlecode/owasp-java-html-sanitizer/owasp-java-html-sanitizer/20181114.1/owasp-java-html-sanitizer-20181114.1.jar:/home/pmlima/.m2/repository/commons-configuration/commons-configuration/1.10/commons-configuration-1.10.jar:/home/pmlima/.m2/repository/commons-logging/commons-logging/1.1.1/commons-logging-1.1.1.jar:/home/pmlima/.m2/repository/ch/qos/logback/logback-classic/1.2.3/logback-classic-1.2.3.jar:/home/pmlima/.m2/repository/ch/qos/logback/logback-core/1.2.3/logback-core-1.2.3.jar:/home/pmlima/.m2/repository/org/slf4j/slf4j-api/1.7.25/slf4j-api-1.7.25.jar:"/>
    <property name="sun.cpu.endian" value="little"/>
    <property name="user.home" value="/home/pmlima"/>
    <property name="user.language" value="pt"/>
    <property name="java.specification.vendor" value="Oracle Corporation"/>
    <property name="java.home" value="/usr/lib/jvm/java-8-oracle/jre"/>
    <property name="basedir" value="/home/pmlima/Documents/PagSeguro/Volozhin-Automatizados/Testes-Volozhin"/>
    <property name="file.separator" value="/"/>
    <property name="line.separator" value="&#10;"/>
    <property name="java.vm.specification.vendor" value="Oracle Corporation"/>
    <property name="java.specification.name" value="Java Platform API Specification"/>
    <property name="java.awt.graphicsenv" value="sun.awt.X11GraphicsEnvironment"/>
    <property name="surefire.real.class.path" value="/home/pmlima/Documents/PagSeguro/Volozhin-Automatizados/Testes-Volozhin/target/surefire/surefirebooter8254191590446956858.jar"/>
    <property name="sun.boot.class.path" value="/usr/lib/jvm/java-8-oracle/jre/lib/resources.jar:/usr/lib/jvm/java-8-oracle/jre/lib/rt.jar:/usr/lib/jvm/java-8-oracle/jre/lib/sunrsasign.jar:/usr/lib/jvm/java-8-oracle/jre/lib/jsse.jar:/usr/lib/jvm/java-8-oracle/jre/lib/jce.jar:/usr/lib/jvm/java-8-oracle/jre/lib/charsets.jar:/usr/lib/jvm/java-8-oracle/jre/lib/jfr.jar:/usr/lib/jvm/java-8-oracle/jre/classes"/>
    <property name="sun.management.compiler" value="HotSpot 64-Bit Tiered Compilers"/>
    <property name="java.runtime.version" value="1.8.0_201-b09"/>
    <property name="user.name" value="pmlima"/>
    <property name="path.separator" value=":"/>
    <property name="os.version" value="4.18.0-041800-lowlatency"/>
    <property name="java.endorsed.dirs" value="/usr/lib/jvm/java-8-oracle/jre/lib/endorsed"/>
    <property name="java.runtime.name" value="Java(TM) SE Runtime Environment"/>
    <property name="file.encoding" value="UTF-8"/>
    <property name="java.vm.name" value="Java HotSpot(TM) 64-Bit Server VM"/>
    <property name="localRepository" value="/home/pmlima/.m2/repository"/>
    <property name="java.vendor.url.bug" value="http://bugreport.sun.com/bugreport/"/>
    <property name="java.io.tmpdir" value="/tmp"/>
    <property name="java.version" value="1.8.0_201"/>
    <property name="user.dir" value="/home/pmlima/Documents/PagSeguro/Volozhin-Automatizados/Testes-Volozhin"/>
    <property name="os.arch" value="amd64"/>
    <property name="TestParallel" value="true"/>
    <property name="java.vm.specification.name" value="Java Virtual Machine Specification"/>
    <property name="java.awt.printerjob" value="sun.print.PSPrinterJob"/>
    <property name="sun.os.patch.level" value="unknown"/>
    <property name="java.library.path" value="/usr/java/packages/lib/amd64:/usr/lib64:/lib64:/lib:/usr/lib"/>
    <property name="java.vm.info" value="mixed mode"/>
    <property name="java.vendor" value="Oracle Corporation"/>
    <property name="java.vm.version" value="25.201-b09"/>
    <property name="java.ext.dirs" value="/usr/lib/jvm/java-8-oracle/jre/lib/ext:/usr/java/packages/lib/ext"/>
    <property name="sun.io.unicode.encoding" value="UnicodeLittle"/>
    <property name="java.class.version" value="52.0"/>
  </properties>
  <testcase name="testParallel" classname="com.uol.pagseguro.volozhin.TestParallel" time="4.755"/>
</testsuite>